<?xml version="1.0" encoding="UTF-8"?>
<!-- Generated by org.testng.reporters.JUnitReportReporter -->
<testsuite hostname="LAPTOP-OL7R0RQ3" failures="0" tests="2" name="selenium.Testing2" time="0.000" errors="0" timestamp="06 Jan 2023 05:24:27 GMT" skipped="0">
  <testcase classname="selenium.Testing2" name="test5" time="0.000"/>
  <testcase classname="selenium.Testing2" name="test4" time="0.000"/>
</testsuite> <!-- selenium.Testing2 -->
