<?xml version="1.0" encoding="UTF-8"?>
<!-- Generated by org.testng.reporters.JUnitReportReporter -->
<testsuite hostname="LAPTOP-OL7R0RQ3" failures="0" tests="5" name="selenium.Testing1" time="0.002" errors="0" timestamp="06 Jan 2023 05:24:27 GMT" skipped="0">
  <testcase classname="selenium.Testing1" name="f" time="0.000"/>
  <testcase classname="selenium.Testing1" name="f" time="0.002"/>
  <testcase classname="selenium.Testing1" name="test2" time="0.000"/>
  <testcase classname="selenium.Testing1" name="test1" time="0.000"/>
  <testcase classname="selenium.Testing1" name="test3" time="0.000"/>
</testsuite> <!-- selenium.Testing1 -->
